[2026-02-13 18:20:03] production.ERROR: The /home/user/Charles_Playground/bootstrap/cache directory must be present and writable. {"exception":"[object] (Exception(code: 0): The /home/user/Charles_Playground/bootstrap/cache directory must be present and writable. at /home/user/Charles_Playground/vendor/laravel/framework/src/Illuminate/Foundation/PackageManifest.php:179)
[stacktrace]
#0 /home/user/Charles_Playground/vendor/laravel/framework/src/Illuminate/Foundation/PackageManifest.php(132): Illuminate\\Foundation\\PackageManifest->write()
#1 /home/user/Charles_Playground/vendor/laravel/framework/src/Illuminate/Foundation/PackageManifest.php(108): Illuminate\\Foundation\\PackageManifest->build()
#2 /home/user/Charles_Playground/vendor/laravel/framework/src/Illuminate/Foundation/PackageManifest.php(91): Illuminate\\Foundation\\PackageManifest->getManifest()
#3 /home/user/Charles_Playground/vendor/laravel/framework/src/Illuminate/Foundation/PackageManifest.php(80): Illuminate\\Foundation\\PackageManifest->config()
#4 /home/user/Charles_Playground/vendor/laravel/framework/src/Illuminate/Foundation/Bootstrap/RegisterFacades.php(26): Illuminate\\Foundation\\PackageManifest->aliases()
#5 /home/user/Charles_Playground/vendor/laravel/framework/src/Illuminate/Foundation/Application.php(342): Illuminate\\Foundation\\Bootstrap\\RegisterFacades->bootstrap()
#6 /home/user/Charles_Playground/vendor/laravel/framework/src/Illuminate/Foundation/Console/Kernel.php(474): Illuminate\\Foundation\\Application->bootstrapWith()
#7 /home/user/Charles_Playground/vendor/laravel/framework/src/Illuminate/Foundation/Console/Kernel.php(196): Illuminate\\Foundation\\Console\\Kernel->bootstrap()
#8 /home/user/Charles_Playground/artisan(36): Illuminate\\Foundation\\Console\\Kernel->handle()
#9 {main}
"} 
[2026-02-13 18:20:16] production.ERROR: require(/home/user/Charles_Playground/routes/console.php): Failed to open stream: No such file or directory {"exception":"[object] (ErrorException(code: 0): require(/home/user/Charles_Playground/routes/console.php): Failed to open stream: No such file or directory at /home/user/Charles_Playground/app/Console/Kernel.php:25)
[stacktrace]
#0 /home/user/Charles_Playground/vendor/laravel/framework/src/Illuminate/Foundation/Bootstrap/HandleExceptions.php(258): Illuminate\\Foundation\\Bootstrap\\HandleExceptions->handleError()
#1 /home/user/Charles_Playground/app/Console/Kernel.php(25): Illuminate\\Foundation\\Bootstrap\\HandleExceptions->{closure:Illuminate\\Foundation\\Bootstrap\\HandleExceptions::forwardsTo():257}()
#2 /home/user/Charles_Playground/app/Console/Kernel.php(25): require('...')
#3 /home/user/Charles_Playground/vendor/laravel/framework/src/Illuminate/Foundation/Console/Kernel.php(480): App\\Console\\Kernel->commands()
#4 /home/user/Charles_Playground/vendor/laravel/framework/src/Illuminate/Foundation/Console/Kernel.php(196): Illuminate\\Foundation\\Console\\Kernel->bootstrap()
#5 /home/user/Charles_Playground/artisan(36): Illuminate\\Foundation\\Console\\Kernel->handle()
#6 {main}
"} 
[2026-02-13 18:30:28] local.ERROR: PHP Parse error: Syntax error, unexpected '=' on line 3 {"exception":"[object] (Psy\\Exception\\ParseErrorException(code: 0): PHP Parse error: Syntax error, unexpected '=' on line 3 at /home/user/Charles_Playground/vendor/psy/psysh/src/Exception/ParseErrorException.php:44)
[stacktrace]
#0 /home/user/Charles_Playground/vendor/psy/psysh/src/CodeCleaner.php(488): Psy\\Exception\\ParseErrorException::fromParseError()
#1 /home/user/Charles_Playground/vendor/psy/psysh/src/CodeCleaner.php(269): Psy\\CodeCleaner->parse()
#2 /home/user/Charles_Playground/vendor/psy/psysh/src/Shell.php(1059): Psy\\CodeCleaner->clean()
#3 /home/user/Charles_Playground/vendor/psy/psysh/src/Shell.php(1092): Psy\\Shell->addCode()
#4 /home/user/Charles_Playground/vendor/psy/psysh/src/Shell.php(1640): Psy\\Shell->setCode()
#5 /home/user/Charles_Playground/vendor/laravel/tinker/src/Console/TinkerCommand.php(77): Psy\\Shell->execute()
#6 /home/user/Charles_Playground/vendor/laravel/framework/src/Illuminate/Container/BoundMethod.php(36): Laravel\\Tinker\\Console\\TinkerCommand->handle()
#7 /home/user/Charles_Playground/vendor/laravel/framework/src/Illuminate/Container/Util.php(43): Illuminate\\Container\\BoundMethod::{closure:Illuminate\\Container\\BoundMethod::call():35}()
#8 /home/user/Charles_Playground/vendor/laravel/framework/src/Illuminate/Container/BoundMethod.php(95): Illuminate\\Container\\Util::unwrapIfClosure()
#9 /home/user/Charles_Playground/vendor/laravel/framework/src/Illuminate/Container/BoundMethod.php(35): Illuminate\\Container\\BoundMethod::callBoundMethod()
#10 /home/user/Charles_Playground/vendor/laravel/framework/src/Illuminate/Container/Container.php(696): Illuminate\\Container\\BoundMethod::call()
#11 /home/user/Charles_Playground/vendor/laravel/framework/src/Illuminate/Console/Command.php(213): Illuminate\\Container\\Container->call()
#12 /home/user/Charles_Playground/vendor/symfony/console/Command/Command.php(341): Illuminate\\Console\\Command->execute()
#13 /home/user/Charles_Playground/vendor/laravel/framework/src/Illuminate/Console/Command.php(182): Symfony\\Component\\Console\\Command\\Command->run()
#14 /home/user/Charles_Playground/vendor/symfony/console/Application.php(1102): Illuminate\\Console\\Command->run()
#15 /home/user/Charles_Playground/vendor/symfony/console/Application.php(356): Symfony\\Component\\Console\\Application->doRunCommand()
#16 /home/user/Charles_Playground/vendor/symfony/console/Application.php(195): Symfony\\Component\\Console\\Application->doRun()
#17 /home/user/Charles_Playground/vendor/laravel/framework/src/Illuminate/Foundation/Console/Kernel.php(198): Symfony\\Component\\Console\\Application->run()
#18 /home/user/Charles_Playground/artisan(36): Illuminate\\Foundation\\Console\\Kernel->handle()
#19 {main}
"} 
